Analysis & Synthesis report for ElevadorFinal
Fri Jul 29 08:31:33 2022
Quartus Prime Version 21.1.0 Build 842 10/21/2021 SJ Lite Edition


---------------------
; Table of Contents ;
---------------------
  1. Legal Notice
  2. Analysis & Synthesis Summary
  3. Analysis & Synthesis Settings
  4. Parallel Compilation
  5. Analysis & Synthesis Source Files Read
  6. Analysis & Synthesis Resource Usage Summary
  7. Analysis & Synthesis Resource Utilization by Entity
  8. State Machine - |TOP_PROJETO|PROJETO:U02|CONTROLADOR:U_CONTROLADOR|MEDE_DISTANCIA:U003|w_STATE
  9. State Machine - |TOP_PROJETO|PROJETO:U02|ELEVADOR:ELEVADOR_DIREITO|ME_ELEVADOR:MAQ_ESTADOS|w_STATE
 10. State Machine - |TOP_PROJETO|PROJETO:U02|ELEVADOR:ELEVADOR_DIREITO|COMPARADOR:COMP|SOBE_DESCE:U002|w_STATE
 11. State Machine - |TOP_PROJETO|PROJETO:U02|ELEVADOR:ELEVADOR_ESQUERDO|ME_ELEVADOR:MAQ_ESTADOS|w_STATE
 12. State Machine - |TOP_PROJETO|PROJETO:U02|ELEVADOR:ELEVADOR_ESQUERDO|COMPARADOR:COMP|SOBE_DESCE:U002|w_STATE
 13. Registers Removed During Synthesis
 14. Removed Registers Triggering Further Register Optimizations
 15. General Register Statistics
 16. Inverted Register Statistics
 17. Multiplexer Restructuring Statistics (Restructuring Performed)
 18. Port Connectivity Checks: "PROJETO:U02|ELEVADOR:ELEVADOR_ESQUERDO|TIMER:U003"
 19. Post-Synthesis Netlist Statistics for Top Partition
 20. Elapsed Time Per Partition
 21. Analysis & Synthesis Messages



----------------
; Legal Notice ;
----------------
Copyright (C) 2021  Intel Corporation. All rights reserved.
Your use of Intel Corporation's design tools, logic functions 
and other software and tools, and any partner logic 
functions, and any output files from any of the foregoing 
(including device programming or simulation files), and any 
associated documentation or information are expressly subject 
to the terms and conditions of the Intel Program License 
Subscription Agreement, the Intel Quartus Prime License Agreement,
the Intel FPGA IP License Agreement, or other applicable license
agreement, including, without limitation, that your use is for
the sole purpose of programming logic devices manufactured by
Intel and sold by Intel or its authorized distributors.  Please
refer to the applicable agreement for further details, at
https://fpgasoftware.intel.com/eula.



+----------------------------------------------------------------------------------+
; Analysis & Synthesis Summary                                                     ;
+------------------------------------+---------------------------------------------+
; Analysis & Synthesis Status        ; Successful - Fri Jul 29 08:31:33 2022       ;
; Quartus Prime Version              ; 21.1.0 Build 842 10/21/2021 SJ Lite Edition ;
; Revision Name                      ; ElevadorFinal                               ;
; Top-level Entity Name              ; TOP_PROJETO                                 ;
; Family                             ; MAX 10                                      ;
; Total logic elements               ; 360                                         ;
;     Total combinational functions  ; 355                                         ;
;     Dedicated logic registers      ; 161                                         ;
; Total registers                    ; 161                                         ;
; Total pins                         ; 28                                          ;
; Total virtual pins                 ; 0                                           ;
; Total memory bits                  ; 0                                           ;
; Embedded Multiplier 9-bit elements ; 0                                           ;
; Total PLLs                         ; 0                                           ;
; UFM blocks                         ; 0                                           ;
; ADC blocks                         ; 0                                           ;
+------------------------------------+---------------------------------------------+


+------------------------------------------------------------------------------------------------------------+
; Analysis & Synthesis Settings                                                                              ;
+------------------------------------------------------------------+--------------------+--------------------+
; Option                                                           ; Setting            ; Default Value      ;
+------------------------------------------------------------------+--------------------+--------------------+
; Device                                                           ; 10M50DAF484C7G     ;                    ;
; Top-level entity name                                            ; TOP_Projeto        ; ElevadorFinal      ;
; Family name                                                      ; MAX 10             ; Cyclone V          ;
; Use smart compilation                                            ; Off                ; Off                ;
; Enable parallel Assembler and Timing Analyzer during compilation ; On                 ; On                 ;
; Enable compact report table                                      ; Off                ; Off                ;
; Restructure Multiplexers                                         ; Auto               ; Auto               ;
; Create Debugging Nodes for IP Cores                              ; Off                ; Off                ;
; Preserve fewer node names                                        ; On                 ; On                 ;
; Intel FPGA IP Evaluation Mode                                    ; Enable             ; Enable             ;
; Verilog Version                                                  ; Verilog_2001       ; Verilog_2001       ;
; VHDL Version                                                     ; VHDL_1993          ; VHDL_1993          ;
; State Machine Processing                                         ; Auto               ; Auto               ;
; Safe State Machine                                               ; Off                ; Off                ;
; Extract Verilog State Machines                                   ; On                 ; On                 ;
; Extract VHDL State Machines                                      ; On                 ; On                 ;
; Ignore Verilog initial constructs                                ; Off                ; Off                ;
; Iteration limit for constant Verilog loops                       ; 5000               ; 5000               ;
; Iteration limit for non-constant Verilog loops                   ; 250                ; 250                ;
; Add Pass-Through Logic to Inferred RAMs                          ; On                 ; On                 ;
; Infer RAMs from Raw Logic                                        ; On                 ; On                 ;
; Parallel Synthesis                                               ; On                 ; On                 ;
; DSP Block Balancing                                              ; Auto               ; Auto               ;
; NOT Gate Push-Back                                               ; On                 ; On                 ;
; Power-Up Don't Care                                              ; On                 ; On                 ;
; Remove Redundant Logic Cells                                     ; Off                ; Off                ;
; Remove Duplicate Registers                                       ; On                 ; On                 ;
; Ignore CARRY Buffers                                             ; Off                ; Off                ;
; Ignore CASCADE Buffers                                           ; Off                ; Off                ;
; Ignore GLOBAL Buffers                                            ; Off                ; Off                ;
; Ignore ROW GLOBAL Buffers                                        ; Off                ; Off                ;
; Ignore LCELL Buffers                                             ; Off                ; Off                ;
; Ignore SOFT Buffers                                              ; On                 ; On                 ;
; Limit AHDL Integers to 32 Bits                                   ; Off                ; Off                ;
; Optimization Technique                                           ; Balanced           ; Balanced           ;
; Carry Chain Length                                               ; 70                 ; 70                 ;
; Auto Carry Chains                                                ; On                 ; On                 ;
; Auto Open-Drain Pins                                             ; On                 ; On                 ;
; Perform WYSIWYG Primitive Resynthesis                            ; Off                ; Off                ;
; Auto ROM Replacement                                             ; On                 ; On                 ;
; Auto RAM Replacement                                             ; On                 ; On                 ;
; Auto DSP Block Replacement                                       ; On                 ; On                 ;
; Auto Shift Register Replacement                                  ; Auto               ; Auto               ;
; Allow Shift Register Merging across Hierarchies                  ; Auto               ; Auto               ;
; Auto Clock Enable Replacement                                    ; On                 ; On                 ;
; Strict RAM Replacement                                           ; Off                ; Off                ;
; Allow Synchronous Control Signals                                ; On                 ; On                 ;
; Force Use of Synchronous Clear Signals                           ; Off                ; Off                ;
; Auto RAM Block Balancing                                         ; On                 ; On                 ;
; Auto RAM to Logic Cell Conversion                                ; Off                ; Off                ;
; Auto Resource Sharing                                            ; Off                ; Off                ;
; Allow Any RAM Size For Recognition                               ; Off                ; Off                ;
; Allow Any ROM Size For Recognition                               ; Off                ; Off                ;
; Allow Any Shift Register Size For Recognition                    ; Off                ; Off                ;
; Use LogicLock Constraints during Resource Balancing              ; On                 ; On                 ;
; Ignore translate_off and synthesis_off directives                ; Off                ; Off                ;
; Timing-Driven Synthesis                                          ; On                 ; On                 ;
; Report Parameter Settings                                        ; On                 ; On                 ;
; Report Source Assignments                                        ; On                 ; On                 ;
; Report Connectivity Checks                                       ; On                 ; On                 ;
; Ignore Maximum Fan-Out Assignments                               ; Off                ; Off                ;
; Synchronization Register Chain Length                            ; 2                  ; 2                  ;
; Power Optimization During Synthesis                              ; Normal compilation ; Normal compilation ;
; HDL message level                                                ; Level2             ; Level2             ;
; Suppress Register Optimization Related Messages                  ; Off                ; Off                ;
; Number of Removed Registers Reported in Synthesis Report         ; 5000               ; 5000               ;
; Number of Swept Nodes Reported in Synthesis Report               ; 5000               ; 5000               ;
; Number of Inverted Registers Reported in Synthesis Report        ; 100                ; 100                ;
; Clock MUX Protection                                             ; On                 ; On                 ;
; Auto Gated Clock Conversion                                      ; Off                ; Off                ;
; Block Design Naming                                              ; Auto               ; Auto               ;
; SDC constraint protection                                        ; Off                ; Off                ;
; Synthesis Effort                                                 ; Auto               ; Auto               ;
; Shift Register Replacement - Allow Asynchronous Clear Signal     ; On                 ; On                 ;
; Pre-Mapping Resynthesis Optimization                             ; Off                ; Off                ;
; Analysis & Synthesis Message Level                               ; Medium             ; Medium             ;
; Disable Register Merging Across Hierarchies                      ; Auto               ; Auto               ;
; Resource Aware Inference For Block RAM                           ; On                 ; On                 ;
+------------------------------------------------------------------+--------------------+--------------------+


+------------------------------------------+
; Parallel Compilation                     ;
+----------------------------+-------------+
; Processors                 ; Number      ;
+----------------------------+-------------+
; Number detected on machine ; 8           ;
; Maximum allowed            ; 4           ;
;                            ;             ;
; Average used               ; 1.00        ;
; Maximum used               ; 4           ;
;                            ;             ;
; Usage by Processor         ; % Time Used ;
;     Processor 1            ; 100.0%      ;
;     Processors 2-4         ;   0.1%      ;
+----------------------------+-------------+


+---------------------------------------------------------------------------------------------------------------------------------------------------------------------------------+
; Analysis & Synthesis Source Files Read                                                                                                                                          ;
+----------------------------------+-----------------+-----------------+------------------------------------------------------------------------------------------------+---------+
; File Name with User-Entered Path ; Used in Netlist ; File Type       ; File Name with Absolute Path                                                                   ; Library ;
+----------------------------------+-----------------+-----------------+------------------------------------------------------------------------------------------------+---------+
; Elevador.vhd                     ; yes             ; User VHDL File  ; D:/felip/Documents/Estudos/Trabalho_01_VHDL/Trabalho_Final/ElevadorFinal/Elevador.vhd          ;         ;
; ME_Elevador.vhd                  ; yes             ; User VHDL File  ; D:/felip/Documents/Estudos/Trabalho_01_VHDL/Trabalho_Final/ElevadorFinal/ME_Elevador.vhd       ;         ;
; Timer.vhd                        ; yes             ; User VHDL File  ; D:/felip/Documents/Estudos/Trabalho_01_VHDL/Trabalho_Final/ElevadorFinal/Timer.vhd             ;         ;
; Comparador.vhd                   ; yes             ; User VHDL File  ; D:/felip/Documents/Estudos/Trabalho_01_VHDL/Trabalho_Final/ElevadorFinal/Comparador.vhd        ;         ;
; Compara_destinos.vhd             ; yes             ; User VHDL File  ; D:/felip/Documents/Estudos/Trabalho_01_VHDL/Trabalho_Final/ElevadorFinal/Compara_destinos.vhd  ;         ;
; BCD_7SEG.vhd                     ; yes             ; User VHDL File  ; D:/felip/Documents/Estudos/Trabalho_01_VHDL/Trabalho_Final/ElevadorFinal/BCD_7SEG.vhd          ;         ;
; Separador.vhd                    ; yes             ; User VHDL File  ; D:/felip/Documents/Estudos/Trabalho_01_VHDL/Trabalho_Final/ElevadorFinal/Separador.vhd         ;         ;
; Seleciona_destino.vhd            ; yes             ; User VHDL File  ; D:/felip/Documents/Estudos/Trabalho_01_VHDL/Trabalho_Final/ElevadorFinal/Seleciona_destino.vhd ;         ;
; Registrador.vhd                  ; yes             ; User VHDL File  ; D:/felip/Documents/Estudos/Trabalho_01_VHDL/Trabalho_Final/ElevadorFinal/Registrador.vhd       ;         ;
; Projeto.vhd                      ; yes             ; User VHDL File  ; D:/felip/Documents/Estudos/Trabalho_01_VHDL/Trabalho_Final/ElevadorFinal/Projeto.vhd           ;         ;
; Sobe_desce.vhd                   ; yes             ; User VHDL File  ; D:/felip/Documents/Estudos/Trabalho_01_VHDL/Trabalho_Final/ElevadorFinal/Sobe_desce.vhd        ;         ;
; Controlador.vhd                  ; yes             ; User VHDL File  ; D:/felip/Documents/Estudos/Trabalho_01_VHDL/Trabalho_Final/ElevadorFinal/Controlador.vhd       ;         ;
; Mede_distancia.vhd               ; yes             ; User VHDL File  ; D:/felip/Documents/Estudos/Trabalho_01_VHDL/Trabalho_Final/ElevadorFinal/Mede_distancia.vhd    ;         ;
; Seletor_andar.vhd                ; yes             ; User VHDL File  ; D:/felip/Documents/Estudos/Trabalho_01_VHDL/Trabalho_Final/ElevadorFinal/Seletor_andar.vhd     ;         ;
; TOP_Projeto.vhd                  ; yes             ; User VHDL File  ; D:/felip/Documents/Estudos/Trabalho_01_VHDL/Trabalho_Final/ElevadorFinal/TOP_Projeto.vhd       ;         ;
+----------------------------------+-----------------+-----------------+------------------------------------------------------------------------------------------------+---------+


+-----------------------------------------------------------+
; Analysis & Synthesis Resource Usage Summary               ;
+---------------------------------------------+-------------+
; Resource                                    ; Usage       ;
+---------------------------------------------+-------------+
; Estimated Total logic elements              ; 360         ;
;                                             ;             ;
; Total combinational functions               ; 355         ;
; Logic element usage by number of LUT inputs ;             ;
;     -- 4 input functions                    ; 149         ;
;     -- 3 input functions                    ; 52          ;
;     -- <=2 input functions                  ; 154         ;
;                                             ;             ;
; Logic elements by mode                      ;             ;
;     -- normal mode                          ; 301         ;
;     -- arithmetic mode                      ; 54          ;
;                                             ;             ;
; Total registers                             ; 161         ;
;     -- Dedicated logic registers            ; 161         ;
;     -- I/O registers                        ; 0           ;
;                                             ;             ;
; I/O pins                                    ; 28          ;
;                                             ;             ;
; Embedded Multiplier 9-bit elements          ; 0           ;
;                                             ;             ;
; Maximum fan-out node                        ; i_CLK~input ;
; Maximum fan-out                             ; 161         ;
; Total fan-out                               ; 1626        ;
; Average fan-out                             ; 2.84        ;
+---------------------------------------------+-------------+


+------------------------------------------------------------------------------------------------------------------------------------------------------------------------------------------------------------------------------------------------------------------------------------------------------------------------------------+
; Analysis & Synthesis Resource Utilization by Entity                                                                                                                                                                                                                                                                                ;
+------------------------------------------------+---------------------+---------------------------+-------------+------------+--------------+---------+-----------+------+--------------+------------+-------------------------------------------------------------------------------------------+-------------------+--------------+
; Compilation Hierarchy Node                     ; Combinational ALUTs ; Dedicated Logic Registers ; Memory Bits ; UFM Blocks ; DSP Elements ; DSP 9x9 ; DSP 18x18 ; Pins ; Virtual Pins ; ADC blocks ; Full Hierarchy Name                                                                       ; Entity Name       ; Library Name ;
+------------------------------------------------+---------------------+---------------------------+-------------+------------+--------------+---------+-----------+------+--------------+------------+-------------------------------------------------------------------------------------------+-------------------+--------------+
; |TOP_PROJETO                                   ; 355 (0)             ; 161 (0)                   ; 0           ; 0          ; 0            ; 0       ; 0         ; 28   ; 0            ; 0          ; |TOP_PROJETO                                                                              ; TOP_PROJETO       ; work         ;
;    |PROJETO:U02|                               ; 355 (0)             ; 161 (0)                   ; 0           ; 0          ; 0            ; 0       ; 0         ; 0    ; 0            ; 0          ; |TOP_PROJETO|PROJETO:U02                                                                  ; PROJETO           ; work         ;
;       |BCD_7SEG:BCD_DIREITO|                   ; 6 (6)               ; 0 (0)                     ; 0           ; 0          ; 0            ; 0       ; 0         ; 0    ; 0            ; 0          ; |TOP_PROJETO|PROJETO:U02|BCD_7SEG:BCD_DIREITO                                             ; BCD_7SEG          ; work         ;
;       |BCD_7SEG:BCD_ESQUERDO|                  ; 5 (5)               ; 0 (0)                     ; 0           ; 0          ; 0            ; 0       ; 0         ; 0    ; 0            ; 0          ; |TOP_PROJETO|PROJETO:U02|BCD_7SEG:BCD_ESQUERDO                                            ; BCD_7SEG          ; work         ;
;       |CONTROLADOR:U_CONTROLADOR|              ; 151 (0)             ; 52 (0)                    ; 0           ; 0          ; 0            ; 0       ; 0         ; 0    ; 0            ; 0          ; |TOP_PROJETO|PROJETO:U02|CONTROLADOR:U_CONTROLADOR                                        ; CONTROLADOR       ; work         ;
;          |MEDE_DISTANCIA:U003|                 ; 139 (139)           ; 36 (36)                   ; 0           ; 0          ; 0            ; 0       ; 0         ; 0    ; 0            ; 0          ; |TOP_PROJETO|PROJETO:U02|CONTROLADOR:U_CONTROLADOR|MEDE_DISTANCIA:U003                    ; MEDE_DISTANCIA    ; work         ;
;          |SELECIONA_DESTINO:U002|              ; 6 (6)               ; 6 (6)                     ; 0           ; 0          ; 0            ; 0       ; 0         ; 0    ; 0            ; 0          ; |TOP_PROJETO|PROJETO:U02|CONTROLADOR:U_CONTROLADOR|SELECIONA_DESTINO:U002                 ; SELECIONA_DESTINO ; work         ;
;          |SELETOR_ANDAR:U001|                  ; 2 (2)               ; 4 (4)                     ; 0           ; 0          ; 0            ; 0       ; 0         ; 0    ; 0            ; 0          ; |TOP_PROJETO|PROJETO:U02|CONTROLADOR:U_CONTROLADOR|SELETOR_ANDAR:U001                     ; SELETOR_ANDAR     ; work         ;
;          |Separador:U004|                      ; 4 (4)               ; 6 (6)                     ; 0           ; 0          ; 0            ; 0       ; 0         ; 0    ; 0            ; 0          ; |TOP_PROJETO|PROJETO:U02|CONTROLADOR:U_CONTROLADOR|Separador:U004                         ; Separador         ; work         ;
;       |ELEVADOR:ELEVADOR_DIREITO|              ; 97 (0)              ; 55 (0)                    ; 0           ; 0          ; 0            ; 0       ; 0         ; 0    ; 0            ; 0          ; |TOP_PROJETO|PROJETO:U02|ELEVADOR:ELEVADOR_DIREITO                                        ; ELEVADOR          ; work         ;
;          |COMPARADOR:COMP|                     ; 9 (0)               ; 8 (0)                     ; 0           ; 0          ; 0            ; 0       ; 0         ; 0    ; 0            ; 0          ; |TOP_PROJETO|PROJETO:U02|ELEVADOR:ELEVADOR_DIREITO|COMPARADOR:COMP                        ; COMPARADOR        ; work         ;
;             |COMPARA_DESTINOS:U001|            ; 2 (2)               ; 3 (3)                     ; 0           ; 0          ; 0            ; 0       ; 0         ; 0    ; 0            ; 0          ; |TOP_PROJETO|PROJETO:U02|ELEVADOR:ELEVADOR_DIREITO|COMPARADOR:COMP|COMPARA_DESTINOS:U001  ; COMPARA_DESTINOS  ; work         ;
;             |SOBE_DESCE:U002|                  ; 7 (7)               ; 5 (5)                     ; 0           ; 0          ; 0            ; 0       ; 0         ; 0    ; 0            ; 0          ; |TOP_PROJETO|PROJETO:U02|ELEVADOR:ELEVADOR_DIREITO|COMPARADOR:COMP|SOBE_DESCE:U002        ; SOBE_DESCE        ; work         ;
;          |ME_ELEVADOR:MAQ_ESTADOS|             ; 28 (28)             ; 14 (14)                   ; 0           ; 0          ; 0            ; 0       ; 0         ; 0    ; 0            ; 0          ; |TOP_PROJETO|PROJETO:U02|ELEVADOR:ELEVADOR_DIREITO|ME_ELEVADOR:MAQ_ESTADOS                ; ME_ELEVADOR       ; work         ;
;          |REGISTRADOR:REGISTRADOR_ANDAR_ATUAL| ; 3 (3)               ; 2 (2)                     ; 0           ; 0          ; 0            ; 0       ; 0         ; 0    ; 0            ; 0          ; |TOP_PROJETO|PROJETO:U02|ELEVADOR:ELEVADOR_DIREITO|REGISTRADOR:REGISTRADOR_ANDAR_ATUAL    ; REGISTRADOR       ; work         ;
;          |REGISTRADOR:REGISTRADOR_DESTINO|     ; 3 (3)               ; 2 (2)                     ; 0           ; 0          ; 0            ; 0       ; 0         ; 0    ; 0            ; 0          ; |TOP_PROJETO|PROJETO:U02|ELEVADOR:ELEVADOR_DIREITO|REGISTRADOR:REGISTRADOR_DESTINO        ; REGISTRADOR       ; work         ;
;          |TIMER:U003|                          ; 54 (54)             ; 29 (29)                   ; 0           ; 0          ; 0            ; 0       ; 0         ; 0    ; 0            ; 0          ; |TOP_PROJETO|PROJETO:U02|ELEVADOR:ELEVADOR_DIREITO|TIMER:U003                             ; TIMER             ; work         ;
;       |ELEVADOR:ELEVADOR_ESQUERDO|             ; 96 (0)              ; 54 (0)                    ; 0           ; 0          ; 0            ; 0       ; 0         ; 0    ; 0            ; 0          ; |TOP_PROJETO|PROJETO:U02|ELEVADOR:ELEVADOR_ESQUERDO                                       ; ELEVADOR          ; work         ;
;          |COMPARADOR:COMP|                     ; 9 (0)               ; 7 (0)                     ; 0           ; 0          ; 0            ; 0       ; 0         ; 0    ; 0            ; 0          ; |TOP_PROJETO|PROJETO:U02|ELEVADOR:ELEVADOR_ESQUERDO|COMPARADOR:COMP                       ; COMPARADOR        ; work         ;
;             |COMPARA_DESTINOS:U001|            ; 2 (2)               ; 2 (2)                     ; 0           ; 0          ; 0            ; 0       ; 0         ; 0    ; 0            ; 0          ; |TOP_PROJETO|PROJETO:U02|ELEVADOR:ELEVADOR_ESQUERDO|COMPARADOR:COMP|COMPARA_DESTINOS:U001 ; COMPARA_DESTINOS  ; work         ;
;             |SOBE_DESCE:U002|                  ; 7 (7)               ; 5 (5)                     ; 0           ; 0          ; 0            ; 0       ; 0         ; 0    ; 0            ; 0          ; |TOP_PROJETO|PROJETO:U02|ELEVADOR:ELEVADOR_ESQUERDO|COMPARADOR:COMP|SOBE_DESCE:U002       ; SOBE_DESCE        ; work         ;
;          |ME_ELEVADOR:MAQ_ESTADOS|             ; 28 (28)             ; 14 (14)                   ; 0           ; 0          ; 0            ; 0       ; 0         ; 0    ; 0            ; 0          ; |TOP_PROJETO|PROJETO:U02|ELEVADOR:ELEVADOR_ESQUERDO|ME_ELEVADOR:MAQ_ESTADOS               ; ME_ELEVADOR       ; work         ;
;          |REGISTRADOR:REGISTRADOR_ANDAR_ATUAL| ; 3 (3)               ; 2 (2)                     ; 0           ; 0          ; 0            ; 0       ; 0         ; 0    ; 0            ; 0          ; |TOP_PROJETO|PROJETO:U02|ELEVADOR:ELEVADOR_ESQUERDO|REGISTRADOR:REGISTRADOR_ANDAR_ATUAL   ; REGISTRADOR       ; work         ;
;          |REGISTRADOR:REGISTRADOR_DESTINO|     ; 2 (2)               ; 2 (2)                     ; 0           ; 0          ; 0            ; 0       ; 0         ; 0    ; 0            ; 0          ; |TOP_PROJETO|PROJETO:U02|ELEVADOR:ELEVADOR_ESQUERDO|REGISTRADOR:REGISTRADOR_DESTINO       ; REGISTRADOR       ; work         ;
;          |TIMER:U003|                          ; 54 (54)             ; 29 (29)                   ; 0           ; 0          ; 0            ; 0       ; 0         ; 0    ; 0            ; 0          ; |TOP_PROJETO|PROJETO:U02|ELEVADOR:ELEVADOR_ESQUERDO|TIMER:U003                            ; TIMER             ; work         ;
+------------------------------------------------+---------------------+---------------------------+-------------+------------+--------------+---------+-----------+------+--------------+------------+-------------------------------------------------------------------------------------------+-------------------+--------------+
Note: For table entries with two numbers listed, the numbers in parentheses indicate the number of resources of the given type used by the specific entity alone. The numbers listed outside of parentheses indicate the total resources of the given type used by the specific entity and all of its sub-entities in the hierarchy.


Encoding Type:  One-Hot
+----------------------------------------------------------------------------------------------------------------------------------------------------------------------------+
; State Machine - |TOP_PROJETO|PROJETO:U02|CONTROLADOR:U_CONTROLADOR|MEDE_DISTANCIA:U003|w_STATE                                                                             ;
+----------------------------+------------------+----------------------------+--------------------------+--------------------------+-----------------------+-----------------+
; Name                       ; w_STATE.st_ENVIA ; w_STATE.st_QUATRO_CHAMADOS ; w_STATE.st_TRES_CHAMADOS ; w_STATE.st_DOIS_CHAMADOS ; w_STATE.st_UM_CHAMADO ; w_STATE.st_IDLE ;
+----------------------------+------------------+----------------------------+--------------------------+--------------------------+-----------------------+-----------------+
; w_STATE.st_IDLE            ; 0                ; 0                          ; 0                        ; 0                        ; 0                     ; 0               ;
; w_STATE.st_UM_CHAMADO      ; 0                ; 0                          ; 0                        ; 0                        ; 1                     ; 1               ;
; w_STATE.st_DOIS_CHAMADOS   ; 0                ; 0                          ; 0                        ; 1                        ; 0                     ; 1               ;
; w_STATE.st_TRES_CHAMADOS   ; 0                ; 0                          ; 1                        ; 0                        ; 0                     ; 1               ;
; w_STATE.st_QUATRO_CHAMADOS ; 0                ; 1                          ; 0                        ; 0                        ; 0                     ; 1               ;
; w_STATE.st_ENVIA           ; 1                ; 0                          ; 0                        ; 0                        ; 0                     ; 1               ;
+----------------------------+------------------+----------------------------+--------------------------+--------------------------+-----------------------+-----------------+


Encoding Type:  One-Hot
+--------------------------------------------------------------------------------------------------------------------+
; State Machine - |TOP_PROJETO|PROJETO:U02|ELEVADOR:ELEVADOR_DIREITO|ME_ELEVADOR:MAQ_ESTADOS|w_STATE                 ;
+--------------------+------------------+-----------------+--------------------+-------------------+-----------------+
; Name               ; w_STATE.st_DESCE ; w_STATE.st_SOBE ; w_STATE.st_AGUARDA ; w_STATE.st_PARADO ; w_STATE.st_IDLE ;
+--------------------+------------------+-----------------+--------------------+-------------------+-----------------+
; w_STATE.st_IDLE    ; 0                ; 0               ; 0                  ; 0                 ; 0               ;
; w_STATE.st_PARADO  ; 0                ; 0               ; 0                  ; 1                 ; 1               ;
; w_STATE.st_AGUARDA ; 0                ; 0               ; 1                  ; 0                 ; 1               ;
; w_STATE.st_SOBE    ; 0                ; 1               ; 0                  ; 0                 ; 1               ;
; w_STATE.st_DESCE   ; 1                ; 0               ; 0                  ; 0                 ; 1               ;
+--------------------+------------------+-----------------+--------------------+-------------------+-----------------+


Encoding Type:  One-Hot
+------------------------------------------------------------------------------------------------------------+
; State Machine - |TOP_PROJETO|PROJETO:U02|ELEVADOR:ELEVADOR_DIREITO|COMPARADOR:COMP|SOBE_DESCE:U002|w_STATE ;
+------------------+------------------+-----------------+----------------------------------------------------+
; Name             ; w_STATE.ST_DESCE ; w_STATE.ST_SOBE ; w_STATE.ST_IDLE                                    ;
+------------------+------------------+-----------------+----------------------------------------------------+
; w_STATE.ST_IDLE  ; 0                ; 0               ; 0                                                  ;
; w_STATE.ST_SOBE  ; 0                ; 1               ; 1                                                  ;
; w_STATE.ST_DESCE ; 1                ; 0               ; 1                                                  ;
+------------------+------------------+-----------------+----------------------------------------------------+


Encoding Type:  One-Hot
+--------------------------------------------------------------------------------------------------------------------+
; State Machine - |TOP_PROJETO|PROJETO:U02|ELEVADOR:ELEVADOR_ESQUERDO|ME_ELEVADOR:MAQ_ESTADOS|w_STATE                ;
+--------------------+------------------+-----------------+--------------------+-------------------+-----------------+
; Name               ; w_STATE.st_DESCE ; w_STATE.st_SOBE ; w_STATE.st_AGUARDA ; w_STATE.st_PARADO ; w_STATE.st_IDLE ;
+--------------------+------------------+-----------------+--------------------+-------------------+-----------------+
; w_STATE.st_IDLE    ; 0                ; 0               ; 0                  ; 0                 ; 0               ;
; w_STATE.st_PARADO  ; 0                ; 0               ; 0                  ; 1                 ; 1               ;
; w_STATE.st_AGUARDA ; 0                ; 0               ; 1                  ; 0                 ; 1               ;
; w_STATE.st_SOBE    ; 0                ; 1               ; 0                  ; 0                 ; 1               ;
; w_STATE.st_DESCE   ; 1                ; 0               ; 0                  ; 0                 ; 1               ;
+--------------------+------------------+-----------------+--------------------+-------------------+-----------------+


Encoding Type:  One-Hot
+-------------------------------------------------------------------------------------------------------------+
; State Machine - |TOP_PROJETO|PROJETO:U02|ELEVADOR:ELEVADOR_ESQUERDO|COMPARADOR:COMP|SOBE_DESCE:U002|w_STATE ;
+------------------+------------------+-----------------+-----------------------------------------------------+
; Name             ; w_STATE.ST_DESCE ; w_STATE.ST_SOBE ; w_STATE.ST_IDLE                                     ;
+------------------+------------------+-----------------+-----------------------------------------------------+
; w_STATE.ST_IDLE  ; 0                ; 0               ; 0                                                   ;
; w_STATE.ST_SOBE  ; 0                ; 1               ; 1                                                   ;
; w_STATE.ST_DESCE ; 1                ; 0               ; 1                                                   ;
+------------------+------------------+-----------------+-----------------------------------------------------+


+----------------------------------------------------------------------------------------------------------------------------------------------------------------------------------+
; Registers Removed During Synthesis                                                                                                                                               ;
+-----------------------------------------------------------------------------------+----------------------------------------------------------------------------------------------+
; Register name                                                                     ; Reason for Removal                                                                           ;
+-----------------------------------------------------------------------------------+----------------------------------------------------------------------------------------------+
; PROJETO:U02|ELEVADOR:ELEVADOR_ESQUERDO|COMPARADOR:COMP|COMPARA_DESTINOS:U001|o_WR ; Merged with PROJETO:U02|ELEVADOR:ELEVADOR_DIREITO|COMPARADOR:COMP|COMPARA_DESTINOS:U001|o_WR ;
; PROJETO:U02|CONTROLADOR:U_CONTROLADOR|MEDE_DISTANCIA:U003|w_REQ_3[2]              ; Stuck at GND due to stuck port data_in                                                       ;
; PROJETO:U02|CONTROLADOR:U_CONTROLADOR|MEDE_DISTANCIA:U003|w_REQ_2[2]              ; Stuck at GND due to stuck port data_in                                                       ;
; PROJETO:U02|CONTROLADOR:U_CONTROLADOR|MEDE_DISTANCIA:U003|w_REQ_1[2]              ; Stuck at GND due to stuck port data_in                                                       ;
; PROJETO:U02|ELEVADOR:ELEVADOR_DIREITO|ME_ELEVADOR:MAQ_ESTADOS|w_STATE.st_IDLE     ; Merged with PROJETO:U02|ELEVADOR:ELEVADOR_DIREITO|COMPARADOR:COMP|COMPARA_DESTINOS:U001|o_WR ;
; PROJETO:U02|ELEVADOR:ELEVADOR_ESQUERDO|ME_ELEVADOR:MAQ_ESTADOS|w_STATE.st_IDLE    ; Merged with PROJETO:U02|ELEVADOR:ELEVADOR_DIREITO|COMPARADOR:COMP|COMPARA_DESTINOS:U001|o_WR ;
; PROJETO:U02|CONTROLADOR:U_CONTROLADOR|MEDE_DISTANCIA:U003|w_DIST_D_0[2]           ; Stuck at GND due to stuck port data_in                                                       ;
; PROJETO:U02|CONTROLADOR:U_CONTROLADOR|MEDE_DISTANCIA:U003|w_DIST_D_1[2]           ; Stuck at GND due to stuck port data_in                                                       ;
; PROJETO:U02|CONTROLADOR:U_CONTROLADOR|MEDE_DISTANCIA:U003|w_DIST_D_2[2]           ; Stuck at GND due to stuck port data_in                                                       ;
; PROJETO:U02|CONTROLADOR:U_CONTROLADOR|MEDE_DISTANCIA:U003|w_DIST_E_0[2]           ; Stuck at GND due to stuck port data_in                                                       ;
; PROJETO:U02|CONTROLADOR:U_CONTROLADOR|MEDE_DISTANCIA:U003|w_DIST_E_1[2]           ; Stuck at GND due to stuck port data_in                                                       ;
; PROJETO:U02|CONTROLADOR:U_CONTROLADOR|MEDE_DISTANCIA:U003|w_DIST_E_2[2]           ; Stuck at GND due to stuck port data_in                                                       ;
; Total Number of Removed Registers = 12                                            ;                                                                                              ;
+-----------------------------------------------------------------------------------+----------------------------------------------------------------------------------------------+


+-----------------------------------------------------------------------------------------------------------------------------------------------------------------------------+
; Removed Registers Triggering Further Register Optimizations                                                                                                                 ;
+----------------------------------------------------------------------+---------------------------+--------------------------------------------------------------------------+
; Register name                                                        ; Reason for Removal        ; Registers Removed due to This Register                                   ;
+----------------------------------------------------------------------+---------------------------+--------------------------------------------------------------------------+
; PROJETO:U02|CONTROLADOR:U_CONTROLADOR|MEDE_DISTANCIA:U003|w_REQ_3[2] ; Stuck at GND              ; PROJETO:U02|CONTROLADOR:U_CONTROLADOR|MEDE_DISTANCIA:U003|w_DIST_D_2[2], ;
;                                                                      ; due to stuck port data_in ; PROJETO:U02|CONTROLADOR:U_CONTROLADOR|MEDE_DISTANCIA:U003|w_DIST_E_2[2]  ;
; PROJETO:U02|CONTROLADOR:U_CONTROLADOR|MEDE_DISTANCIA:U003|w_REQ_2[2] ; Stuck at GND              ; PROJETO:U02|CONTROLADOR:U_CONTROLADOR|MEDE_DISTANCIA:U003|w_DIST_D_1[2], ;
;                                                                      ; due to stuck port data_in ; PROJETO:U02|CONTROLADOR:U_CONTROLADOR|MEDE_DISTANCIA:U003|w_DIST_E_1[2]  ;
; PROJETO:U02|CONTROLADOR:U_CONTROLADOR|MEDE_DISTANCIA:U003|w_REQ_1[2] ; Stuck at GND              ; PROJETO:U02|CONTROLADOR:U_CONTROLADOR|MEDE_DISTANCIA:U003|w_DIST_D_0[2]  ;
;                                                                      ; due to stuck port data_in ;                                                                          ;
+----------------------------------------------------------------------+---------------------------+--------------------------------------------------------------------------+


+------------------------------------------------------+
; General Register Statistics                          ;
+----------------------------------------------+-------+
; Statistic                                    ; Value ;
+----------------------------------------------+-------+
; Total registers                              ; 161   ;
; Number of registers using Synchronous Clear  ; 0     ;
; Number of registers using Synchronous Load   ; 0     ;
; Number of registers using Asynchronous Clear ; 135   ;
; Number of registers using Asynchronous Load  ; 0     ;
; Number of registers using Clock Enable       ; 94    ;
; Number of registers using Preset             ; 0     ;
+----------------------------------------------+-------+


+------------------------------------------------------------------------------------+
; Inverted Register Statistics                                                       ;
+--------------------------------------------------------------------------+---------+
; Inverted Register                                                        ; Fan out ;
+--------------------------------------------------------------------------+---------+
; PROJETO:U02|ELEVADOR:ELEVADOR_DIREITO|TIMER:U003|w_COUNT[27]             ; 2       ;
; PROJETO:U02|ELEVADOR:ELEVADOR_DIREITO|TIMER:U003|w_COUNT[25]             ; 2       ;
; PROJETO:U02|ELEVADOR:ELEVADOR_DIREITO|TIMER:U003|w_COUNT[24]             ; 2       ;
; PROJETO:U02|ELEVADOR:ELEVADOR_DIREITO|TIMER:U003|w_COUNT[23]             ; 2       ;
; PROJETO:U02|ELEVADOR:ELEVADOR_DIREITO|TIMER:U003|w_COUNT[22]             ; 2       ;
; PROJETO:U02|ELEVADOR:ELEVADOR_DIREITO|TIMER:U003|w_COUNT[21]             ; 2       ;
; PROJETO:U02|ELEVADOR:ELEVADOR_DIREITO|TIMER:U003|w_COUNT[19]             ; 2       ;
; PROJETO:U02|ELEVADOR:ELEVADOR_DIREITO|TIMER:U003|w_COUNT[17]             ; 2       ;
; PROJETO:U02|ELEVADOR:ELEVADOR_DIREITO|TIMER:U003|w_COUNT[16]             ; 2       ;
; PROJETO:U02|ELEVADOR:ELEVADOR_DIREITO|TIMER:U003|w_COUNT[15]             ; 2       ;
; PROJETO:U02|ELEVADOR:ELEVADOR_DIREITO|TIMER:U003|w_COUNT[14]             ; 2       ;
; PROJETO:U02|ELEVADOR:ELEVADOR_DIREITO|TIMER:U003|w_COUNT[9]              ; 2       ;
; PROJETO:U02|ELEVADOR:ELEVADOR_ESQUERDO|TIMER:U003|w_COUNT[27]            ; 2       ;
; PROJETO:U02|ELEVADOR:ELEVADOR_ESQUERDO|TIMER:U003|w_COUNT[25]            ; 2       ;
; PROJETO:U02|ELEVADOR:ELEVADOR_ESQUERDO|TIMER:U003|w_COUNT[24]            ; 2       ;
; PROJETO:U02|ELEVADOR:ELEVADOR_ESQUERDO|TIMER:U003|w_COUNT[23]            ; 2       ;
; PROJETO:U02|ELEVADOR:ELEVADOR_ESQUERDO|TIMER:U003|w_COUNT[22]            ; 2       ;
; PROJETO:U02|ELEVADOR:ELEVADOR_ESQUERDO|TIMER:U003|w_COUNT[21]            ; 2       ;
; PROJETO:U02|ELEVADOR:ELEVADOR_ESQUERDO|TIMER:U003|w_COUNT[19]            ; 2       ;
; PROJETO:U02|ELEVADOR:ELEVADOR_ESQUERDO|TIMER:U003|w_COUNT[17]            ; 2       ;
; PROJETO:U02|ELEVADOR:ELEVADOR_ESQUERDO|TIMER:U003|w_COUNT[16]            ; 2       ;
; PROJETO:U02|ELEVADOR:ELEVADOR_ESQUERDO|TIMER:U003|w_COUNT[15]            ; 2       ;
; PROJETO:U02|ELEVADOR:ELEVADOR_ESQUERDO|TIMER:U003|w_COUNT[14]            ; 2       ;
; PROJETO:U02|ELEVADOR:ELEVADOR_ESQUERDO|TIMER:U003|w_COUNT[9]             ; 2       ;
; PROJETO:U02|CONTROLADOR:U_CONTROLADOR|Separador:U004|o_Confirma_D        ; 1       ;
; PROJETO:U02|CONTROLADOR:U_CONTROLADOR|Separador:U004|o_Confirma_E        ; 1       ;
; PROJETO:U02|CONTROLADOR:U_CONTROLADOR|MEDE_DISTANCIA:U003|o_DESTINO_D[2] ; 3       ;
; PROJETO:U02|CONTROLADOR:U_CONTROLADOR|MEDE_DISTANCIA:U003|o_DESTINO_E[2] ; 3       ;
; PROJETO:U02|CONTROLADOR:U_CONTROLADOR|MEDE_DISTANCIA:U003|w_DESTINO_D[2] ; 7       ;
; PROJETO:U02|CONTROLADOR:U_CONTROLADOR|MEDE_DISTANCIA:U003|w_DESTINO_E[2] ; 8       ;
; Total number of inverted registers = 30                                  ;         ;
+--------------------------------------------------------------------------+---------+


+--------------------------------------------------------------------------------------------------------------------------------------------------------------------------------------------------------------+
; Multiplexer Restructuring Statistics (Restructuring Performed)                                                                                                                                               ;
+--------------------+-----------+---------------+----------------------+------------------------+------------+------------------------------------------------------------------------------------------------+
; Multiplexer Inputs ; Bus Width ; Baseline Area ; Area if Restructured ; Saving if Restructured ; Registered ; Example Multiplexer Output                                                                     ;
+--------------------+-----------+---------------+----------------------+------------------------+------------+------------------------------------------------------------------------------------------------+
; 3:1                ; 2 bits    ; 4 LEs         ; 2 LEs                ; 2 LEs                  ; Yes        ; |TOP_PROJETO|PROJETO:U02|ELEVADOR:ELEVADOR_ESQUERDO|REGISTRADOR:REGISTRADOR_ANDAR_ATUAL|o_Q[1] ;
; 3:1                ; 2 bits    ; 4 LEs         ; 2 LEs                ; 2 LEs                  ; Yes        ; |TOP_PROJETO|PROJETO:U02|ELEVADOR:ELEVADOR_DIREITO|REGISTRADOR:REGISTRADOR_ANDAR_ATUAL|o_Q[0]  ;
; 3:1                ; 4 bits    ; 8 LEs         ; 4 LEs                ; 4 LEs                  ; Yes        ; |TOP_PROJETO|PROJETO:U02|ELEVADOR:ELEVADOR_DIREITO|REGISTRADOR:REGISTRADOR_DESTINO|o_Q[1]      ;
; 3:1                ; 3 bits    ; 6 LEs         ; 3 LEs                ; 3 LEs                  ; Yes        ; |TOP_PROJETO|PROJETO:U02|CONTROLADOR:U_CONTROLADOR|MEDE_DISTANCIA:U003|w_DIST_D_1[2]           ;
; 3:1                ; 3 bits    ; 6 LEs         ; 3 LEs                ; 3 LEs                  ; Yes        ; |TOP_PROJETO|PROJETO:U02|CONTROLADOR:U_CONTROLADOR|MEDE_DISTANCIA:U003|w_DIST_E_1[2]           ;
; 4:1                ; 2 bits    ; 4 LEs         ; 4 LEs                ; 0 LEs                  ; Yes        ; |TOP_PROJETO|PROJETO:U02|CONTROLADOR:U_CONTROLADOR|MEDE_DISTANCIA:U003|w_REQ_3[1]              ;
; 4:1                ; 4 bits    ; 8 LEs         ; 4 LEs                ; 4 LEs                  ; Yes        ; |TOP_PROJETO|PROJETO:U02|CONTROLADOR:U_CONTROLADOR|MEDE_DISTANCIA:U003|o_DESTINO_E[1]          ;
; 6:1                ; 2 bits    ; 8 LEs         ; 4 LEs                ; 4 LEs                  ; Yes        ; |TOP_PROJETO|PROJETO:U02|CONTROLADOR:U_CONTROLADOR|MEDE_DISTANCIA:U003|w_REQ_2[0]              ;
; 4:1                ; 2 bits    ; 4 LEs         ; 2 LEs                ; 2 LEs                  ; Yes        ; |TOP_PROJETO|PROJETO:U02|ELEVADOR:ELEVADOR_DIREITO|ME_ELEVADOR:MAQ_ESTADOS|o_ANDAR[0]          ;
; 4:1                ; 2 bits    ; 4 LEs         ; 2 LEs                ; 2 LEs                  ; Yes        ; |TOP_PROJETO|PROJETO:U02|ELEVADOR:ELEVADOR_ESQUERDO|ME_ELEVADOR:MAQ_ESTADOS|o_ANDAR[1]         ;
; 6:1                ; 3 bits    ; 12 LEs        ; 3 LEs                ; 9 LEs                  ; Yes        ; |TOP_PROJETO|PROJETO:U02|CONTROLADOR:U_CONTROLADOR|MEDE_DISTANCIA:U003|w_DIST_E_0[2]           ;
; 6:1                ; 3 bits    ; 12 LEs        ; 3 LEs                ; 9 LEs                  ; Yes        ; |TOP_PROJETO|PROJETO:U02|CONTROLADOR:U_CONTROLADOR|MEDE_DISTANCIA:U003|w_DIST_D_0[0]           ;
; 11:1               ; 3 bits    ; 21 LEs        ; 15 LEs               ; 6 LEs                  ; Yes        ; |TOP_PROJETO|PROJETO:U02|CONTROLADOR:U_CONTROLADOR|MEDE_DISTANCIA:U003|w_REQ_1[0]              ;
; 28:1               ; 2 bits    ; 36 LEs        ; 6 LEs                ; 30 LEs                 ; Yes        ; |TOP_PROJETO|PROJETO:U02|CONTROLADOR:U_CONTROLADOR|MEDE_DISTANCIA:U003|w_DESTINO_E[0]          ;
; 30:1               ; 2 bits    ; 40 LEs        ; 8 LEs                ; 32 LEs                 ; Yes        ; |TOP_PROJETO|PROJETO:U02|CONTROLADOR:U_CONTROLADOR|MEDE_DISTANCIA:U003|w_DESTINO_D[0]          ;
; 4:1                ; 2 bits    ; 4 LEs         ; 2 LEs                ; 2 LEs                  ; Yes        ; |TOP_PROJETO|PROJETO:U02|CONTROLADOR:U_CONTROLADOR|MEDE_DISTANCIA:U003|o_DESTINO_E[2]          ;
; 3:1                ; 2 bits    ; 4 LEs         ; 4 LEs                ; 0 LEs                  ; No         ; |TOP_PROJETO|PROJETO:U02|ELEVADOR:ELEVADOR_DIREITO|COMPARADOR:COMP|SOBE_DESCE:U002|w_STATE     ;
; 3:1                ; 2 bits    ; 4 LEs         ; 4 LEs                ; 0 LEs                  ; No         ; |TOP_PROJETO|PROJETO:U02|ELEVADOR:ELEVADOR_ESQUERDO|COMPARADOR:COMP|SOBE_DESCE:U002|w_STATE    ;
+--------------------+-----------+---------------+----------------------+------------------------+------------+------------------------------------------------------------------------------------------------+


+-------------------------------------------------------------------------------+
; Port Connectivity Checks: "PROJETO:U02|ELEVADOR:ELEVADOR_ESQUERDO|TIMER:U003" ;
+----------------+-------+----------+-------------------------------------------+
; Port           ; Type  ; Severity ; Details                                   ;
+----------------+-------+----------+-------------------------------------------+
; i_data[25..21] ; Input ; Info     ; Stuck at VCC                              ;
; i_data[17..14] ; Input ; Info     ; Stuck at VCC                              ;
; i_data[13..10] ; Input ; Info     ; Stuck at GND                              ;
; i_data[8..0]   ; Input ; Info     ; Stuck at GND                              ;
; i_data[27]     ; Input ; Info     ; Stuck at VCC                              ;
; i_data[26]     ; Input ; Info     ; Stuck at GND                              ;
; i_data[20]     ; Input ; Info     ; Stuck at GND                              ;
; i_data[19]     ; Input ; Info     ; Stuck at VCC                              ;
; i_data[18]     ; Input ; Info     ; Stuck at GND                              ;
; i_data[9]      ; Input ; Info     ; Stuck at VCC                              ;
+----------------+-------+----------+-------------------------------------------+


+-----------------------------------------------------+
; Post-Synthesis Netlist Statistics for Top Partition ;
+-----------------------+-----------------------------+
; Type                  ; Count                       ;
+-----------------------+-----------------------------+
; boundary_port         ; 28                          ;
; cycloneiii_ff         ; 161                         ;
;     CLR               ; 67                          ;
;     ENA               ; 26                          ;
;     ENA CLR           ; 68                          ;
; cycloneiii_lcell_comb ; 360                         ;
;     arith             ; 54                          ;
;         2 data inputs ; 54                          ;
;     normal            ; 306                         ;
;         0 data inputs ; 1                           ;
;         1 data inputs ; 30                          ;
;         2 data inputs ; 74                          ;
;         3 data inputs ; 52                          ;
;         4 data inputs ; 149                         ;
;                       ;                             ;
; Max LUT depth         ; 10.00                       ;
; Average LUT depth     ; 3.94                        ;
+-----------------------+-----------------------------+


+-------------------------------+
; Elapsed Time Per Partition    ;
+----------------+--------------+
; Partition Name ; Elapsed Time ;
+----------------+--------------+
; Top            ; 00:00:02     ;
+----------------+--------------+


+-------------------------------+
; Analysis & Synthesis Messages ;
+-------------------------------+
Info: *******************************************************************
Info: Running Quartus Prime Analysis & Synthesis
    Info: Version 21.1.0 Build 842 10/21/2021 SJ Lite Edition
    Info: Processing started: Fri Jul 29 08:31:17 2022
Info: Command: quartus_map --read_settings_files=on --write_settings_files=off ElevadorFinal -c ElevadorFinal
Warning (18236): Number of processors has not been specified which may cause overloading on shared machines.  Set the global assignment NUM_PARALLEL_PROCESSORS in your QSF to an appropriate value for best performance.
Info (20030): Parallel compilation is enabled and will use 4 of the 4 processors detected
Info (12021): Found 2 design units, including 1 entities, in source file elevador.vhd
    Info (12022): Found design unit 1: ELEVADOR-behavioral File: D:/felip/Documents/Estudos/Trabalho_01_VHDL/Trabalho_Final/ElevadorFinal/Elevador.vhd Line: 19
    Info (12023): Found entity 1: ELEVADOR File: D:/felip/Documents/Estudos/Trabalho_01_VHDL/Trabalho_Final/ElevadorFinal/Elevador.vhd Line: 7
Info (12021): Found 2 design units, including 1 entities, in source file me_elevador.vhd
    Info (12022): Found design unit 1: ME_ELEVADOR-BEHAVIORAL File: D:/felip/Documents/Estudos/Trabalho_01_VHDL/Trabalho_Final/ElevadorFinal/ME_Elevador.vhd Line: 24
    Info (12023): Found entity 1: ME_ELEVADOR File: D:/felip/Documents/Estudos/Trabalho_01_VHDL/Trabalho_Final/ElevadorFinal/ME_Elevador.vhd Line: 6
Info (12021): Found 2 design units, including 1 entities, in source file timer.vhd
    Info (12022): Found design unit 1: TIMER-BEHAVIORAL File: D:/felip/Documents/Estudos/Trabalho_01_VHDL/Trabalho_Final/ElevadorFinal/Timer.vhd Line: 18
    Info (12023): Found entity 1: TIMER File: D:/felip/Documents/Estudos/Trabalho_01_VHDL/Trabalho_Final/ElevadorFinal/Timer.vhd Line: 6
Info (12021): Found 2 design units, including 1 entities, in source file comparador.vhd
    Info (12022): Found design unit 1: COMPARADOR-behavioral File: D:/felip/Documents/Estudos/Trabalho_01_VHDL/Trabalho_Final/ElevadorFinal/Comparador.vhd Line: 22
    Info (12023): Found entity 1: COMPARADOR File: D:/felip/Documents/Estudos/Trabalho_01_VHDL/Trabalho_Final/ElevadorFinal/Comparador.vhd Line: 7
Info (12021): Found 2 design units, including 1 entities, in source file compara_destinos.vhd
    Info (12022): Found design unit 1: COMPARA_DESTINOS-behavioral File: D:/felip/Documents/Estudos/Trabalho_01_VHDL/Trabalho_Final/ElevadorFinal/Compara_destinos.vhd Line: 20
    Info (12023): Found entity 1: COMPARA_DESTINOS File: D:/felip/Documents/Estudos/Trabalho_01_VHDL/Trabalho_Final/ElevadorFinal/Compara_destinos.vhd Line: 7
Info (12021): Found 2 design units, including 1 entities, in source file bcd_7seg.vhd
    Info (12022): Found design unit 1: BCD_7SEG-BEHAVIORAL File: D:/felip/Documents/Estudos/Trabalho_01_VHDL/Trabalho_Final/ElevadorFinal/BCD_7SEG.vhd Line: 20
    Info (12023): Found entity 1: BCD_7SEG File: D:/felip/Documents/Estudos/Trabalho_01_VHDL/Trabalho_Final/ElevadorFinal/BCD_7SEG.vhd Line: 6
Info (12021): Found 2 design units, including 1 entities, in source file separador.vhd
    Info (12022): Found design unit 1: Separador-BEHAVORIAL File: D:/felip/Documents/Estudos/Trabalho_01_VHDL/Trabalho_Final/ElevadorFinal/Separador.vhd Line: 19
    Info (12023): Found entity 1: Separador File: D:/felip/Documents/Estudos/Trabalho_01_VHDL/Trabalho_Final/ElevadorFinal/Separador.vhd Line: 6
Info (12021): Found 2 design units, including 1 entities, in source file seleciona_destino.vhd
    Info (12022): Found design unit 1: SELECIONA_DESTINO-BEHAVORIAL File: D:/felip/Documents/Estudos/Trabalho_01_VHDL/Trabalho_Final/ElevadorFinal/Seleciona_destino.vhd Line: 25
    Info (12023): Found entity 1: SELECIONA_DESTINO File: D:/felip/Documents/Estudos/Trabalho_01_VHDL/Trabalho_Final/ElevadorFinal/Seleciona_destino.vhd Line: 6
Info (12021): Found 2 design units, including 1 entities, in source file registrador.vhd
    Info (12022): Found design unit 1: REGISTRADOR-behavioral File: D:/felip/Documents/Estudos/Trabalho_01_VHDL/Trabalho_Final/ElevadorFinal/Registrador.vhd Line: 18
    Info (12023): Found entity 1: REGISTRADOR File: D:/felip/Documents/Estudos/Trabalho_01_VHDL/Trabalho_Final/ElevadorFinal/Registrador.vhd Line: 7
Info (12021): Found 2 design units, including 1 entities, in source file projeto.vhd
    Info (12022): Found design unit 1: PROJETO-behavioral File: D:/felip/Documents/Estudos/Trabalho_01_VHDL/Trabalho_Final/ElevadorFinal/Projeto.vhd Line: 34
    Info (12023): Found entity 1: PROJETO File: D:/felip/Documents/Estudos/Trabalho_01_VHDL/Trabalho_Final/ElevadorFinal/Projeto.vhd Line: 7
Info (12021): Found 2 design units, including 1 entities, in source file sobe_desce.vhd
    Info (12022): Found design unit 1: SOBE_DESCE-behavioral File: D:/felip/Documents/Estudos/Trabalho_01_VHDL/Trabalho_Final/ElevadorFinal/Sobe_desce.vhd Line: 19
    Info (12023): Found entity 1: SOBE_DESCE File: D:/felip/Documents/Estudos/Trabalho_01_VHDL/Trabalho_Final/ElevadorFinal/Sobe_desce.vhd Line: 7
Info (12021): Found 2 design units, including 1 entities, in source file controlador.vhd
    Info (12022): Found design unit 1: CONTROLADOR-BEHAVIORAL File: D:/felip/Documents/Estudos/Trabalho_01_VHDL/Trabalho_Final/ElevadorFinal/Controlador.vhd Line: 27
    Info (12023): Found entity 1: CONTROLADOR File: D:/felip/Documents/Estudos/Trabalho_01_VHDL/Trabalho_Final/ElevadorFinal/Controlador.vhd Line: 6
Info (12021): Found 2 design units, including 1 entities, in source file mede_distancia.vhd
    Info (12022): Found design unit 1: MEDE_DISTANCIA-BEHAVORIAL File: D:/felip/Documents/Estudos/Trabalho_01_VHDL/Trabalho_Final/ElevadorFinal/Mede_distancia.vhd Line: 24
    Info (12023): Found entity 1: MEDE_DISTANCIA File: D:/felip/Documents/Estudos/Trabalho_01_VHDL/Trabalho_Final/ElevadorFinal/Mede_distancia.vhd Line: 6
Info (12021): Found 2 design units, including 1 entities, in source file tb_projeto.vhd
    Info (12022): Found design unit 1: TB_projeto-BEHAVORIAL File: D:/felip/Documents/Estudos/Trabalho_01_VHDL/Trabalho_Final/ElevadorFinal/TB_Projeto.vhd Line: 11
    Info (12023): Found entity 1: TB_projeto File: D:/felip/Documents/Estudos/Trabalho_01_VHDL/Trabalho_Final/ElevadorFinal/TB_Projeto.vhd Line: 6
Info (12021): Found 2 design units, including 1 entities, in source file seletor_andar.vhd
    Info (12022): Found design unit 1: SELETOR_ANDAR-BEHAVORIAL File: D:/felip/Documents/Estudos/Trabalho_01_VHDL/Trabalho_Final/ElevadorFinal/Seletor_andar.vhd Line: 18
    Info (12023): Found entity 1: SELETOR_ANDAR File: D:/felip/Documents/Estudos/Trabalho_01_VHDL/Trabalho_Final/ElevadorFinal/Seletor_andar.vhd Line: 6
Info (12021): Found 2 design units, including 1 entities, in source file tb_controlador.vhd
    Info (12022): Found design unit 1: TB_Controlador-BEHAVORIAL File: D:/felip/Documents/Estudos/Trabalho_01_VHDL/Trabalho_Final/ElevadorFinal/TB_CONTROLADOR.vhd Line: 11
    Info (12023): Found entity 1: TB_Controlador File: D:/felip/Documents/Estudos/Trabalho_01_VHDL/Trabalho_Final/ElevadorFinal/TB_CONTROLADOR.vhd Line: 6
Info (12021): Found 2 design units, including 1 entities, in source file tb_elevador.vhd
    Info (12022): Found design unit 1: TB_ELEVADOR-BEHAVIORAL File: D:/felip/Documents/Estudos/Trabalho_01_VHDL/Trabalho_Final/ElevadorFinal/TB_ELEVADOR.vhd Line: 9
    Info (12023): Found entity 1: TB_ELEVADOR File: D:/felip/Documents/Estudos/Trabalho_01_VHDL/Trabalho_Final/ElevadorFinal/TB_ELEVADOR.vhd Line: 6
Info (12021): Found 2 design units, including 1 entities, in source file tb_timer.vhd
    Info (12022): Found design unit 1: TB_TIMER-BEHAVIORAL File: D:/felip/Documents/Estudos/Trabalho_01_VHDL/Trabalho_Final/ElevadorFinal/TB_TIMER.vhd Line: 9
    Info (12023): Found entity 1: TB_TIMER File: D:/felip/Documents/Estudos/Trabalho_01_VHDL/Trabalho_Final/ElevadorFinal/TB_TIMER.vhd Line: 6
Info (12021): Found 2 design units, including 1 entities, in source file tb_separador.vhd
    Info (12022): Found design unit 1: TB_SEparador-BEHAVORIAL File: D:/felip/Documents/Estudos/Trabalho_01_VHDL/Trabalho_Final/ElevadorFinal/Tb_SEPARADOR.vhd Line: 11
    Info (12023): Found entity 1: TB_Separador File: D:/felip/Documents/Estudos/Trabalho_01_VHDL/Trabalho_Final/ElevadorFinal/Tb_SEPARADOR.vhd Line: 6
Info (12021): Found 2 design units, including 1 entities, in source file tb_seletor_andar.vhd
    Info (12022): Found design unit 1: TB_SELETOR_ANDAR-BEHAVORIAL File: D:/felip/Documents/Estudos/Trabalho_01_VHDL/Trabalho_Final/ElevadorFinal/TB_SELETOR_ANDAR.vhd Line: 11
    Info (12023): Found entity 1: TB_SELETOR_ANDAR File: D:/felip/Documents/Estudos/Trabalho_01_VHDL/Trabalho_Final/ElevadorFinal/TB_SELETOR_ANDAR.vhd Line: 6
Info (12021): Found 2 design units, including 1 entities, in source file tb_seleciona_destino.vhd
    Info (12022): Found design unit 1: TB_SELECIONA_DESTINO-BEHAVORIAL File: D:/felip/Documents/Estudos/Trabalho_01_VHDL/Trabalho_Final/ElevadorFinal/TB_SELECIONA_DESTINO.vhd Line: 10
    Info (12023): Found entity 1: TB_SELECIONA_DESTINO File: D:/felip/Documents/Estudos/Trabalho_01_VHDL/Trabalho_Final/ElevadorFinal/TB_SELECIONA_DESTINO.vhd Line: 6
Info (12021): Found 2 design units, including 1 entities, in source file tb_mede_distancia.vhd
    Info (12022): Found design unit 1: TB_mede_distancia-BEHAVORIAL File: D:/felip/Documents/Estudos/Trabalho_01_VHDL/Trabalho_Final/ElevadorFinal/TB_MEDE_DISTANCIA.vhd Line: 11
    Info (12023): Found entity 1: TB_mede_distancia File: D:/felip/Documents/Estudos/Trabalho_01_VHDL/Trabalho_Final/ElevadorFinal/TB_MEDE_DISTANCIA.vhd Line: 6
Info (12021): Found 2 design units, including 1 entities, in source file pll_intel.vhd
    Info (12022): Found design unit 1: pll_intel-SYN File: D:/felip/Documents/Estudos/Trabalho_01_VHDL/Trabalho_Final/ElevadorFinal/PLL_INTEL.vhd Line: 54
    Info (12023): Found entity 1: PLL_INTEL File: D:/felip/Documents/Estudos/Trabalho_01_VHDL/Trabalho_Final/ElevadorFinal/PLL_INTEL.vhd Line: 43
Info (12021): Found 2 design units, including 1 entities, in source file top_projeto.vhd
    Info (12022): Found design unit 1: TOP_PROJETO-behavioral File: D:/felip/Documents/Estudos/Trabalho_01_VHDL/Trabalho_Final/ElevadorFinal/TOP_Projeto.vhd Line: 34
    Info (12023): Found entity 1: TOP_PROJETO File: D:/felip/Documents/Estudos/Trabalho_01_VHDL/Trabalho_Final/ElevadorFinal/TOP_Projeto.vhd Line: 7
Info (12127): Elaborating entity "TOP_Projeto" for the top level hierarchy
Info (12128): Elaborating entity "PROJETO" for hierarchy "PROJETO:U02" File: D:/felip/Documents/Estudos/Trabalho_01_VHDL/Trabalho_Final/ElevadorFinal/TOP_Projeto.vhd Line: 93
Info (12128): Elaborating entity "ELEVADOR" for hierarchy "PROJETO:U02|ELEVADOR:ELEVADOR_ESQUERDO" File: D:/felip/Documents/Estudos/Trabalho_01_VHDL/Trabalho_Final/ElevadorFinal/Projeto.vhd Line: 83
Info (12128): Elaborating entity "COMPARADOR" for hierarchy "PROJETO:U02|ELEVADOR:ELEVADOR_ESQUERDO|COMPARADOR:COMP" File: D:/felip/Documents/Estudos/Trabalho_01_VHDL/Trabalho_Final/ElevadorFinal/Elevador.vhd Line: 80
Info (12128): Elaborating entity "COMPARA_DESTINOS" for hierarchy "PROJETO:U02|ELEVADOR:ELEVADOR_ESQUERDO|COMPARADOR:COMP|COMPARA_DESTINOS:U001" File: D:/felip/Documents/Estudos/Trabalho_01_VHDL/Trabalho_Final/ElevadorFinal/Comparador.vhd Line: 51
Info (12128): Elaborating entity "SOBE_DESCE" for hierarchy "PROJETO:U02|ELEVADOR:ELEVADOR_ESQUERDO|COMPARADOR:COMP|SOBE_DESCE:U002" File: D:/felip/Documents/Estudos/Trabalho_01_VHDL/Trabalho_Final/ElevadorFinal/Comparador.vhd Line: 63
Info (12128): Elaborating entity "ME_ELEVADOR" for hierarchy "PROJETO:U02|ELEVADOR:ELEVADOR_ESQUERDO|ME_ELEVADOR:MAQ_ESTADOS" File: D:/felip/Documents/Estudos/Trabalho_01_VHDL/Trabalho_Final/ElevadorFinal/Elevador.vhd Line: 94
Info (12128): Elaborating entity "TIMER" for hierarchy "PROJETO:U02|ELEVADOR:ELEVADOR_ESQUERDO|TIMER:U003" File: D:/felip/Documents/Estudos/Trabalho_01_VHDL/Trabalho_Final/ElevadorFinal/Elevador.vhd Line: 111
Warning (10492): VHDL Process Statement warning at Timer.vhd(29): signal "i_DATA" is read inside the Process Statement but isn't in the Process Statement's sensitivity list File: D:/felip/Documents/Estudos/Trabalho_01_VHDL/Trabalho_Final/ElevadorFinal/Timer.vhd Line: 29
Info (12128): Elaborating entity "REGISTRADOR" for hierarchy "PROJETO:U02|ELEVADOR:ELEVADOR_ESQUERDO|REGISTRADOR:REGISTRADOR_ANDAR_ATUAL" File: D:/felip/Documents/Estudos/Trabalho_01_VHDL/Trabalho_Final/ElevadorFinal/Elevador.vhd Line: 121
Info (12128): Elaborating entity "CONTROLADOR" for hierarchy "PROJETO:U02|CONTROLADOR:U_CONTROLADOR" File: D:/felip/Documents/Estudos/Trabalho_01_VHDL/Trabalho_Final/ElevadorFinal/Projeto.vhd Line: 105
Info (12128): Elaborating entity "SELETOR_ANDAR" for hierarchy "PROJETO:U02|CONTROLADOR:U_CONTROLADOR|SELETOR_ANDAR:U001" File: D:/felip/Documents/Estudos/Trabalho_01_VHDL/Trabalho_Final/ElevadorFinal/Controlador.vhd Line: 94
Info (12128): Elaborating entity "SELECIONA_DESTINO" for hierarchy "PROJETO:U02|CONTROLADOR:U_CONTROLADOR|SELECIONA_DESTINO:U002" File: D:/felip/Documents/Estudos/Trabalho_01_VHDL/Trabalho_Final/ElevadorFinal/Controlador.vhd Line: 105
Info (12128): Elaborating entity "MEDE_DISTANCIA" for hierarchy "PROJETO:U02|CONTROLADOR:U_CONTROLADOR|MEDE_DISTANCIA:U003" File: D:/felip/Documents/Estudos/Trabalho_01_VHDL/Trabalho_Final/ElevadorFinal/Controlador.vhd Line: 122
Warning (10492): VHDL Process Statement warning at Mede_distancia.vhd(37): signal "i_andar_E" is read inside the Process Statement but isn't in the Process Statement's sensitivity list File: D:/felip/Documents/Estudos/Trabalho_01_VHDL/Trabalho_Final/ElevadorFinal/Mede_distancia.vhd Line: 37
Warning (10492): VHDL Process Statement warning at Mede_distancia.vhd(38): signal "i_andar_E" is read inside the Process Statement but isn't in the Process Statement's sensitivity list File: D:/felip/Documents/Estudos/Trabalho_01_VHDL/Trabalho_Final/ElevadorFinal/Mede_distancia.vhd Line: 38
Warning (10492): VHDL Process Statement warning at Mede_distancia.vhd(40): signal "i_andar_D" is read inside the Process Statement but isn't in the Process Statement's sensitivity list File: D:/felip/Documents/Estudos/Trabalho_01_VHDL/Trabalho_Final/ElevadorFinal/Mede_distancia.vhd Line: 40
Warning (10492): VHDL Process Statement warning at Mede_distancia.vhd(41): signal "i_andar_D" is read inside the Process Statement but isn't in the Process Statement's sensitivity list File: D:/felip/Documents/Estudos/Trabalho_01_VHDL/Trabalho_Final/ElevadorFinal/Mede_distancia.vhd Line: 41
Info (12128): Elaborating entity "Separador" for hierarchy "PROJETO:U02|CONTROLADOR:U_CONTROLADOR|Separador:U004" File: D:/felip/Documents/Estudos/Trabalho_01_VHDL/Trabalho_Final/ElevadorFinal/Controlador.vhd Line: 138
Info (12128): Elaborating entity "BCD_7SEG" for hierarchy "PROJETO:U02|BCD_7SEG:BCD_ESQUERDO" File: D:/felip/Documents/Estudos/Trabalho_01_VHDL/Trabalho_Final/ElevadorFinal/Projeto.vhd Line: 123
Info (13000): Registers with preset signals will power-up high File: D:/felip/Documents/Estudos/Trabalho_01_VHDL/Trabalho_Final/ElevadorFinal/Timer.vhd Line: 26
Info (13003): DEV_CLRn pin will set, and not reset, register with preset signal due to NOT Gate Push-Back
Warning (13024): Output pins are stuck at VCC or GND
    Warning (13410): Pin "o_BCD_E_B" is stuck at GND File: D:/felip/Documents/Estudos/Trabalho_01_VHDL/Trabalho_Final/ElevadorFinal/TOP_Projeto.vhd Line: 18
    Warning (13410): Pin "o_BCD_D_B" is stuck at GND File: D:/felip/Documents/Estudos/Trabalho_01_VHDL/Trabalho_Final/ElevadorFinal/TOP_Projeto.vhd Line: 25
Info (286030): Timing-Driven Synthesis is running
Info (16010): Generating hard_block partition "hard_block:auto_generated_inst"
    Info (16011): Adding 0 node(s), including 0 DDIO, 0 PLL, 0 transceiver and 0 LCELL
Info (21057): Implemented 393 device resources after synthesis - the final resource count might be different
    Info (21058): Implemented 12 input pins
    Info (21059): Implemented 16 output pins
    Info (21061): Implemented 365 logic cells
Info: Quartus Prime Analysis & Synthesis was successful. 0 errors, 9 warnings
    Info: Peak virtual memory: 4829 megabytes
    Info: Processing ended: Fri Jul 29 08:31:33 2022
    Info: Elapsed time: 00:00:16
    Info: Total CPU time (on all processors): 00:00:25


